[GIN-debug] [WARNING] Running in "debug" mode. Switch to "release" mode in production.
 - using env:	export GIN_MODE=release
 - using code:	gin.SetMode(gin.ReleaseMode)

[GIN-debug] GET    /css/*filepath            --> github.com/gin-gonic/gin.(*RouterGroup).createStaticHandler.func1 (1 handlers)
[GIN-debug] HEAD   /css/*filepath            --> github.com/gin-gonic/gin.(*RouterGroup).createStaticHandler.func1 (1 handlers)
[GIN-debug] Loaded HTML Templates (4): 
	- 
	- footer.html
	- header.html
	- index.html

[GIN-debug] GET    /api/videos               --> github.com/superiqbal7/golang-gin-crud-rest-api/routes.SetVideoRoutes.func1 (5 handlers)
[GIN-debug] POST   /api/videos               --> github.com/superiqbal7/golang-gin-crud-rest-api/routes.SetVideoRoutes.func2 (5 handlers)
[GIN-debug] GET    /view/videos              --> github.com/superiqbal7/golang-gin-crud-rest-api/controller.VideoController.ShowAll-fm (3 handlers)
[GIN-debug] Listening and serving HTTP on :8080
::1 - [2021-02-19T17:10:31+06:00] GET /view/videos 200 365.307µs 
::1 - [2021-02-19T17:10:38+06:00] GET /view/videos 200 394.261µs 
::1 - [2021-02-19T17:11:12+06:00] POST /api/videos 200 392.418µs 
::1 - [2021-02-19T17:11:15+06:00] POST /api/videos 200 327.126µs 
::1 - [2021-02-19T17:11:15+06:00] POST /api/videos 200 282.101µs 
::1 - [2021-02-19T17:11:17+06:00] GET /view/videos 200 395.844µs 
127.0.0.1 - [2021-02-19T17:17:42+06:00] POST /videos 404 591ns 
127.0.0.1 - [2021-02-19T17:18:15+06:00] POST /api/videos 200 365.967µs 
